2025-12-30 22:32:16,750 - INFO - Starting precreate_nodes process...
2025-12-30 22:32:16,750 - INFO - Initializing models...
2025-12-30 22:32:23,646 - INFO - Use pytorch device_name: cuda:0
2025-12-30 22:32:23,646 - INFO - Load pretrained SentenceTransformer: Snowflake/snowflake-arctic-embed-m-v1.5
2025-12-30 22:32:33,806 - INFO - 1 prompt is loaded, with the key: query
2025-12-30 22:32:34,006 - INFO - Processing document AHWH4MZ2KD5RASDETTSVDK3CYTGA...
2025-12-30 22:32:47,055 - INFO - Successfully chunked and embedded document AHWH4MZ2KD5RASDETTSVDK3CYTGA.
2025-12-30 22:32:47,084 - INFO - Saved nodes for document AHWH4MZ2KD5RASDETTSVDK3CYTGA at ./dos_rag/save/nodes/AHWH4MZ2KD5RASDETTSVDK3CYTGA.
2025-12-30 22:32:47,085 - INFO - Processing document AEX5SG4YNMTJXAAONXSG3Z4LYQ5A...
2025-12-30 22:32:53,888 - INFO - Successfully chunked and embedded document AEX5SG4YNMTJXAAONXSG3Z4LYQ5A.
2025-12-30 22:32:53,904 - INFO - Saved nodes for document AEX5SG4YNMTJXAAONXSG3Z4LYQ5A at ./dos_rag/save/nodes/AEX5SG4YNMTJXAAONXSG3Z4LYQ5A.
2025-12-30 22:32:53,905 - INFO - Processing document AECTRGMRKOGAYIV3YXX73CQEQCSQ...
2025-12-30 22:33:01,387 - INFO - Successfully chunked and embedded document AECTRGMRKOGAYIV3YXX73CQEQCSQ.
2025-12-30 22:33:01,405 - INFO - Saved nodes for document AECTRGMRKOGAYIV3YXX73CQEQCSQ at ./dos_rag/save/nodes/AECTRGMRKOGAYIV3YXX73CQEQCSQ.
2025-12-30 22:33:01,405 - INFO - Processing document AHIN57TM7CPPE3RRGKODLYVUNDYA...
2025-12-30 22:33:03,132 - INFO - Successfully chunked and embedded document AHIN57TM7CPPE3RRGKODLYVUNDYA.
2025-12-30 22:33:03,137 - INFO - Saved nodes for document AHIN57TM7CPPE3RRGKODLYVUNDYA at ./dos_rag/save/nodes/AHIN57TM7CPPE3RRGKODLYVUNDYA.
2025-12-30 22:33:03,137 - INFO - Processing document AH5QXAX6DF5RDZVO77LNZTC5YYTQ...
2025-12-30 22:33:08,399 - INFO - Successfully chunked and embedded document AH5QXAX6DF5RDZVO77LNZTC5YYTQ.
2025-12-30 22:33:08,413 - INFO - Saved nodes for document AH5QXAX6DF5RDZVO77LNZTC5YYTQ at ./dos_rag/save/nodes/AH5QXAX6DF5RDZVO77LNZTC5YYTQ.
2025-12-30 22:33:08,414 - INFO - Processing document AF4PX5K4TGJ35YOESS7VMUT25RBA...
2025-12-30 22:33:09,774 - INFO - Successfully chunked and embedded document AF4PX5K4TGJ35YOESS7VMUT25RBA.
2025-12-30 22:33:09,778 - INFO - Saved nodes for document AF4PX5K4TGJ35YOESS7VMUT25RBA at ./dos_rag/save/nodes/AF4PX5K4TGJ35YOESS7VMUT25RBA.
2025-12-30 22:33:09,778 - INFO - Processing document AFFE5A2BGXJQTQMCYHFC4YHV6KFQ...
2025-12-30 22:33:22,533 - INFO - Successfully chunked and embedded document AFFE5A2BGXJQTQMCYHFC4YHV6KFQ.
2025-12-30 22:33:22,562 - INFO - Saved nodes for document AFFE5A2BGXJQTQMCYHFC4YHV6KFQ at ./dos_rag/save/nodes/AFFE5A2BGXJQTQMCYHFC4YHV6KFQ.
2025-12-30 22:33:22,562 - INFO - Processing document AFNYGE44MDUCNFBC2KMOHEM3EVIA...
2025-12-30 22:33:31,098 - INFO - Successfully chunked and embedded document AFNYGE44MDUCNFBC2KMOHEM3EVIA.
2025-12-30 22:33:31,117 - INFO - Saved nodes for document AFNYGE44MDUCNFBC2KMOHEM3EVIA at ./dos_rag/save/nodes/AFNYGE44MDUCNFBC2KMOHEM3EVIA.
2025-12-30 22:33:31,117 - INFO - Processing document AGCJDIFFVTYXRE32FSBTYU447K2A...
2025-12-30 22:33:37,675 - INFO - Successfully chunked and embedded document AGCJDIFFVTYXRE32FSBTYU447K2A.
2025-12-30 22:33:37,690 - INFO - Saved nodes for document AGCJDIFFVTYXRE32FSBTYU447K2A at ./dos_rag/save/nodes/AGCJDIFFVTYXRE32FSBTYU447K2A.
2025-12-30 22:33:37,690 - INFO - Processing document AHLFFZMUXFR4XOG347MLKA5JOKWQ...
2025-12-30 22:33:45,755 - INFO - Successfully chunked and embedded document AHLFFZMUXFR4XOG347MLKA5JOKWQ.
2025-12-30 22:33:45,772 - INFO - Saved nodes for document AHLFFZMUXFR4XOG347MLKA5JOKWQ at ./dos_rag/save/nodes/AHLFFZMUXFR4XOG347MLKA5JOKWQ.
2025-12-30 22:33:45,772 - INFO - Processing document AEHUXBCXJCRXIFD72W3JBFMNNPYQ...
2025-12-30 22:33:47,501 - INFO - Successfully chunked and embedded document AEHUXBCXJCRXIFD72W3JBFMNNPYQ.
2025-12-30 22:33:47,507 - INFO - Saved nodes for document AEHUXBCXJCRXIFD72W3JBFMNNPYQ at ./dos_rag/save/nodes/AEHUXBCXJCRXIFD72W3JBFMNNPYQ.
2025-12-30 22:33:47,507 - INFO - Processing document AHXX4YOBOOTFSGD7YBWJ7JLOQ32Q...
2025-12-30 22:33:48,153 - INFO - Successfully chunked and embedded document AHXX4YOBOOTFSGD7YBWJ7JLOQ32Q.
2025-12-30 22:33:48,156 - INFO - Saved nodes for document AHXX4YOBOOTFSGD7YBWJ7JLOQ32Q at ./dos_rag/save/nodes/AHXX4YOBOOTFSGD7YBWJ7JLOQ32Q.
2025-12-30 22:33:48,156 - INFO - Processing document AG5SKMFDTH62RTVD2Y4SNKRHBE7Q...
2025-12-30 22:33:50,456 - INFO - Successfully chunked and embedded document AG5SKMFDTH62RTVD2Y4SNKRHBE7Q.
2025-12-30 22:33:50,463 - INFO - Saved nodes for document AG5SKMFDTH62RTVD2Y4SNKRHBE7Q at ./dos_rag/save/nodes/AG5SKMFDTH62RTVD2Y4SNKRHBE7Q.
2025-12-30 22:33:50,463 - INFO - Processing document AGKJLXHEGQCMYOBJQR3SRS5WZKJA...
2025-12-30 22:34:00,899 - INFO - Successfully chunked and embedded document AGKJLXHEGQCMYOBJQR3SRS5WZKJA.
2025-12-30 22:34:00,990 - INFO - Saved nodes for document AGKJLXHEGQCMYOBJQR3SRS5WZKJA at ./dos_rag/save/nodes/AGKJLXHEGQCMYOBJQR3SRS5WZKJA.
2025-12-30 22:34:00,990 - INFO - Processing document AG2O5XWVSLNQL2WFXOAMUURRLDFA...
2025-12-30 22:34:01,416 - INFO - Successfully chunked and embedded document AG2O5XWVSLNQL2WFXOAMUURRLDFA.
2025-12-30 22:34:01,419 - INFO - Saved nodes for document AG2O5XWVSLNQL2WFXOAMUURRLDFA at ./dos_rag/save/nodes/AG2O5XWVSLNQL2WFXOAMUURRLDFA.
2025-12-30 22:34:01,419 - INFO - Processing document AGXUCZJ54ZTURKHDJINFKFKLNLFA...
2025-12-30 22:34:21,642 - INFO - Successfully chunked and embedded document AGXUCZJ54ZTURKHDJINFKFKLNLFA.
2025-12-30 22:34:21,682 - INFO - Saved nodes for document AGXUCZJ54ZTURKHDJINFKFKLNLFA at ./dos_rag/save/nodes/AGXUCZJ54ZTURKHDJINFKFKLNLFA.
2025-12-30 22:34:21,683 - INFO - Processing document AGAM7XSVSBJ4IG5TMY5SBDAOEZBA...
2025-12-30 22:34:28,013 - INFO - Successfully chunked and embedded document AGAM7XSVSBJ4IG5TMY5SBDAOEZBA.
2025-12-30 22:34:28,028 - INFO - Saved nodes for document AGAM7XSVSBJ4IG5TMY5SBDAOEZBA at ./dos_rag/save/nodes/AGAM7XSVSBJ4IG5TMY5SBDAOEZBA.
2025-12-30 22:34:28,028 - INFO - Processing document AGYGIKY6HP4Z2WXRCSS3WONMDEFQ...
2025-12-30 22:34:30,643 - INFO - Successfully chunked and embedded document AGYGIKY6HP4Z2WXRCSS3WONMDEFQ.
2025-12-30 22:34:30,650 - INFO - Saved nodes for document AGYGIKY6HP4Z2WXRCSS3WONMDEFQ at ./dos_rag/save/nodes/AGYGIKY6HP4Z2WXRCSS3WONMDEFQ.
2025-12-30 22:34:30,651 - INFO - Processing document AECLRKKLCNSP3KT4RJR44K4WTJOQ...
2025-12-30 22:34:31,225 - INFO - Successfully chunked and embedded document AECLRKKLCNSP3KT4RJR44K4WTJOQ.
2025-12-30 22:34:31,229 - INFO - Saved nodes for document AECLRKKLCNSP3KT4RJR44K4WTJOQ at ./dos_rag/save/nodes/AECLRKKLCNSP3KT4RJR44K4WTJOQ.
2025-12-30 22:34:31,229 - INFO - Processing document AH5M56UWJNMMI3EBKUQPALNQG4ZQ...
2025-12-30 22:34:33,733 - INFO - Successfully chunked and embedded document AH5M56UWJNMMI3EBKUQPALNQG4ZQ.
2025-12-30 22:34:33,741 - INFO - Saved nodes for document AH5M56UWJNMMI3EBKUQPALNQG4ZQ at ./dos_rag/save/nodes/AH5M56UWJNMMI3EBKUQPALNQG4ZQ.
2025-12-30 22:34:33,741 - INFO - Processing document AFE2C6ASNFA6HVK6BRLJTTSUKS4A...
2025-12-30 22:34:34,967 - INFO - Successfully chunked and embedded document AFE2C6ASNFA6HVK6BRLJTTSUKS4A.
2025-12-30 22:34:34,972 - INFO - Saved nodes for document AFE2C6ASNFA6HVK6BRLJTTSUKS4A at ./dos_rag/save/nodes/AFE2C6ASNFA6HVK6BRLJTTSUKS4A.
2025-12-30 22:34:34,973 - INFO - Processing document AGZKZWIJEF7TMMDKJY25FLRQ6B3A...
